
  .   ____          _            __ _ _
 /\\ / ___'_ __ _ _(_)_ __  __ _ \ \ \ \
( ( )\___ | '_ | '_| | '_ \/ _` | \ \ \ \
 \\/  ___)| |_)| | | | | || (_| |  ) ) ) )
  '  |____| .__|_| |_|_| |_\__, | / / / /
 =========|_|==============|___/=/_/_/_/
 :: Spring Boot ::        (v1.5.7.RELEASE)

2017-09-29 13:52:43.705  INFO 1435 --- [           main] hello.Application                        : Starting Application v0.1.0 on johnny.local with PID 1435 (/Users/littleyellowboy/Downloads/gs-spring-boot-master/complete/target/gs-spring-boot-0.1.0.jar started by littleyellowboy in /Users/littleyellowboy/Downloads/gs-spring-boot-master/complete)
2017-09-29 13:52:43.711  INFO 1435 --- [           main] hello.Application                        : No active profile set, falling back to default profiles: default
2017-09-29 13:52:43.821  INFO 1435 --- [           main] ationConfigEmbeddedWebApplicationContext : Refreshing org.springframework.boot.context.embedded.AnnotationConfigEmbeddedWebApplicationContext@7a4f0f29: startup date [Fri Sep 29 13:52:43 CEST 2017]; root of context hierarchy
2017-09-29 13:52:46.873  INFO 1435 --- [           main] s.b.c.e.t.TomcatEmbeddedServletContainer : Tomcat initialized with port(s): 8888 (http)
2017-09-29 13:52:46.900  INFO 1435 --- [           main] o.apache.catalina.core.StandardService   : Starting service [Tomcat]
2017-09-29 13:52:46.901  INFO 1435 --- [           main] org.apache.catalina.core.StandardEngine  : Starting Servlet Engine: Apache Tomcat/8.5.20
2017-09-29 13:52:47.071  INFO 1435 --- [ost-startStop-1] o.a.c.c.C.[Tomcat].[localhost].[/]       : Initializing Spring embedded WebApplicationContext
2017-09-29 13:52:47.072  INFO 1435 --- [ost-startStop-1] o.s.web.context.ContextLoader            : Root WebApplicationContext: initialization completed in 3255 ms
2017-09-29 13:52:47.492  INFO 1435 --- [ost-startStop-1] o.s.b.w.servlet.ServletRegistrationBean  : Mapping servlet: 'dispatcherServlet' to [/]
2017-09-29 13:52:47.498  INFO 1435 --- [ost-startStop-1] o.s.b.w.servlet.FilterRegistrationBean   : Mapping filter: 'metricsFilter' to: [/*]
2017-09-29 13:52:47.499  INFO 1435 --- [ost-startStop-1] o.s.b.w.servlet.FilterRegistrationBean   : Mapping filter: 'characterEncodingFilter' to: [/*]
2017-09-29 13:52:47.499  INFO 1435 --- [ost-startStop-1] o.s.b.w.servlet.FilterRegistrationBean   : Mapping filter: 'hiddenHttpMethodFilter' to: [/*]
2017-09-29 13:52:47.499  INFO 1435 --- [ost-startStop-1] o.s.b.w.servlet.FilterRegistrationBean   : Mapping filter: 'httpPutFormContentFilter' to: [/*]
2017-09-29 13:52:47.499  INFO 1435 --- [ost-startStop-1] o.s.b.w.servlet.FilterRegistrationBean   : Mapping filter: 'requestContextFilter' to: [/*]
2017-09-29 13:52:47.499  INFO 1435 --- [ost-startStop-1] o.s.b.w.servlet.FilterRegistrationBean   : Mapping filter: 'webRequestLoggingFilter' to: [/*]
2017-09-29 13:52:47.499  INFO 1435 --- [ost-startStop-1] o.s.b.w.servlet.FilterRegistrationBean   : Mapping filter: 'applicationContextIdFilter' to: [/*]
2017-09-29 13:52:48.124  INFO 1435 --- [           main] s.w.s.m.m.a.RequestMappingHandlerAdapter : Looking for @ControllerAdvice: org.springframework.boot.context.embedded.AnnotationConfigEmbeddedWebApplicationContext@7a4f0f29: startup date [Fri Sep 29 13:52:43 CEST 2017]; root of context hierarchy
2017-09-29 13:52:48.250  INFO 1435 --- [           main] s.w.s.m.m.a.RequestMappingHandlerMapping : Mapped "{[/]}" onto public java.lang.String hello.HelloController.index()
2017-09-29 13:52:48.256  INFO 1435 --- [           main] s.w.s.m.m.a.RequestMappingHandlerMapping : Mapped "{[/error]}" onto public org.springframework.http.ResponseEntity<java.util.Map<java.lang.String, java.lang.Object>> org.springframework.boot.autoconfigure.web.BasicErrorController.error(javax.servlet.http.HttpServletRequest)
2017-09-29 13:52:48.257  INFO 1435 --- [           main] s.w.s.m.m.a.RequestMappingHandlerMapping : Mapped "{[/error],produces=[text/html]}" onto public org.springframework.web.servlet.ModelAndView org.springframework.boot.autoconfigure.web.BasicErrorController.errorHtml(javax.servlet.http.HttpServletRequest,javax.servlet.http.HttpServletResponse)
2017-09-29 13:52:48.303  INFO 1435 --- [           main] o.s.w.s.handler.SimpleUrlHandlerMapping  : Mapped URL path [/webjars/**] onto handler of type [class org.springframework.web.servlet.resource.ResourceHttpRequestHandler]
2017-09-29 13:52:48.304  INFO 1435 --- [           main] o.s.w.s.handler.SimpleUrlHandlerMapping  : Mapped URL path [/**] onto handler of type [class org.springframework.web.servlet.resource.ResourceHttpRequestHandler]
2017-09-29 13:52:48.365  INFO 1435 --- [           main] o.s.w.s.handler.SimpleUrlHandlerMapping  : Mapped URL path [/**/favicon.ico] onto handler of type [class org.springframework.web.servlet.resource.ResourceHttpRequestHandler]
2017-09-29 13:52:48.822  INFO 1435 --- [           main] o.s.b.a.e.mvc.EndpointHandlerMapping     : Mapped "{[/configprops || /configprops.json],methods=[GET],produces=[application/vnd.spring-boot.actuator.v1+json || application/json]}" onto public java.lang.Object org.springframework.boot.actuate.endpoint.mvc.EndpointMvcAdapter.invoke()
2017-09-29 13:52:48.827  INFO 1435 --- [           main] o.s.b.a.e.mvc.EndpointHandlerMapping     : Mapped "{[/loggers/{name:.*}],methods=[GET],produces=[application/vnd.spring-boot.actuator.v1+json || application/json]}" onto public java.lang.Object org.springframework.boot.actuate.endpoint.mvc.LoggersMvcEndpoint.get(java.lang.String)
2017-09-29 13:52:48.827  INFO 1435 --- [           main] o.s.b.a.e.mvc.EndpointHandlerMapping     : Mapped "{[/loggers/{name:.*}],methods=[POST],consumes=[application/vnd.spring-boot.actuator.v1+json || application/json],produces=[application/vnd.spring-boot.actuator.v1+json || application/json]}" onto public java.lang.Object org.springframework.boot.actuate.endpoint.mvc.LoggersMvcEndpoint.set(java.lang.String,java.util.Map<java.lang.String, java.lang.String>)
2017-09-29 13:52:48.828  INFO 1435 --- [           main] o.s.b.a.e.mvc.EndpointHandlerMapping     : Mapped "{[/loggers || /loggers.json],methods=[GET],produces=[application/vnd.spring-boot.actuator.v1+json || application/json]}" onto public java.lang.Object org.springframework.boot.actuate.endpoint.mvc.EndpointMvcAdapter.invoke()
2017-09-29 13:52:48.829  INFO 1435 --- [           main] o.s.b.a.e.mvc.EndpointHandlerMapping     : Mapped "{[/trace || /trace.json],methods=[GET],produces=[application/vnd.spring-boot.actuator.v1+json || application/json]}" onto public java.lang.Object org.springframework.boot.actuate.endpoint.mvc.EndpointMvcAdapter.invoke()
2017-09-29 13:52:48.830  INFO 1435 --- [           main] o.s.b.a.e.mvc.EndpointHandlerMapping     : Mapped "{[/auditevents || /auditevents.json],methods=[GET],produces=[application/vnd.spring-boot.actuator.v1+json || application/json]}" onto public org.springframework.http.ResponseEntity<?> org.springframework.boot.actuate.endpoint.mvc.AuditEventsMvcEndpoint.findByPrincipalAndAfterAndType(java.lang.String,java.util.Date,java.lang.String)
2017-09-29 13:52:48.832  INFO 1435 --- [           main] o.s.b.a.e.mvc.EndpointHandlerMapping     : Mapped "{[/heapdump || /heapdump.json],methods=[GET],produces=[application/octet-stream]}" onto public void org.springframework.boot.actuate.endpoint.mvc.HeapdumpMvcEndpoint.invoke(boolean,javax.servlet.http.HttpServletRequest,javax.servlet.http.HttpServletResponse) throws java.io.IOException,javax.servlet.ServletException
2017-09-29 13:52:48.833  INFO 1435 --- [           main] o.s.b.a.e.mvc.EndpointHandlerMapping     : Mapped "{[/mappings || /mappings.json],methods=[GET],produces=[application/vnd.spring-boot.actuator.v1+json || application/json]}" onto public java.lang.Object org.springframework.boot.actuate.endpoint.mvc.EndpointMvcAdapter.invoke()
2017-09-29 13:52:48.835  INFO 1435 --- [           main] o.s.b.a.e.mvc.EndpointHandlerMapping     : Mapped "{[/autoconfig || /autoconfig.json],methods=[GET],produces=[application/vnd.spring-boot.actuator.v1+json || application/json]}" onto public java.lang.Object org.springframework.boot.actuate.endpoint.mvc.EndpointMvcAdapter.invoke()
2017-09-29 13:52:48.840  INFO 1435 --- [           main] o.s.b.a.e.mvc.EndpointHandlerMapping     : Mapped "{[/metrics/{name:.*}],methods=[GET],produces=[application/vnd.spring-boot.actuator.v1+json || application/json]}" onto public java.lang.Object org.springframework.boot.actuate.endpoint.mvc.MetricsMvcEndpoint.value(java.lang.String)
2017-09-29 13:52:48.840  INFO 1435 --- [           main] o.s.b.a.e.mvc.EndpointHandlerMapping     : Mapped "{[/metrics || /metrics.json],methods=[GET],produces=[application/vnd.spring-boot.actuator.v1+json || application/json]}" onto public java.lang.Object org.springframework.boot.actuate.endpoint.mvc.EndpointMvcAdapter.invoke()
2017-09-29 13:52:48.841  INFO 1435 --- [           main] o.s.b.a.e.mvc.EndpointHandlerMapping     : Mapped "{[/beans || /beans.json],methods=[GET],produces=[application/vnd.spring-boot.actuator.v1+json || application/json]}" onto public java.lang.Object org.springframework.boot.actuate.endpoint.mvc.EndpointMvcAdapter.invoke()
2017-09-29 13:52:48.842  INFO 1435 --- [           main] o.s.b.a.e.mvc.EndpointHandlerMapping     : Mapped "{[/env/{name:.*}],methods=[GET],produces=[application/vnd.spring-boot.actuator.v1+json || application/json]}" onto public java.lang.Object org.springframework.boot.actuate.endpoint.mvc.EnvironmentMvcEndpoint.value(java.lang.String)
2017-09-29 13:52:48.843  INFO 1435 --- [           main] o.s.b.a.e.mvc.EndpointHandlerMapping     : Mapped "{[/env || /env.json],methods=[GET],produces=[application/vnd.spring-boot.actuator.v1+json || application/json]}" onto public java.lang.Object org.springframework.boot.actuate.endpoint.mvc.EndpointMvcAdapter.invoke()
2017-09-29 13:52:48.844  INFO 1435 --- [           main] o.s.b.a.e.mvc.EndpointHandlerMapping     : Mapped "{[/health || /health.json],methods=[GET],produces=[application/vnd.spring-boot.actuator.v1+json || application/json]}" onto public java.lang.Object org.springframework.boot.actuate.endpoint.mvc.HealthMvcEndpoint.invoke(javax.servlet.http.HttpServletRequest,java.security.Principal)
2017-09-29 13:52:48.845  INFO 1435 --- [           main] o.s.b.a.e.mvc.EndpointHandlerMapping     : Mapped "{[/info || /info.json],methods=[GET],produces=[application/vnd.spring-boot.actuator.v1+json || application/json]}" onto public java.lang.Object org.springframework.boot.actuate.endpoint.mvc.EndpointMvcAdapter.invoke()
2017-09-29 13:52:48.846  INFO 1435 --- [           main] o.s.b.a.e.mvc.EndpointHandlerMapping     : Mapped "{[/dump || /dump.json],methods=[GET],produces=[application/vnd.spring-boot.actuator.v1+json || application/json]}" onto public java.lang.Object org.springframework.boot.actuate.endpoint.mvc.EndpointMvcAdapter.invoke()
2017-09-29 13:52:48.999  INFO 1435 --- [           main] o.s.j.e.a.AnnotationMBeanExporter        : Registering beans for JMX exposure on startup
2017-09-29 13:52:49.016  INFO 1435 --- [           main] o.s.c.support.DefaultLifecycleProcessor  : Starting beans in phase 0
2017-09-29 13:52:49.203  INFO 1435 --- [           main] s.b.c.e.t.TomcatEmbeddedServletContainer : Tomcat started on port(s): 8888 (http)
Let's inspect the beans provided by Spring Boot:
actuatorMetricReader
application
applicationContextIdFilter
auditEventMvcEndpoint
auditEventRepository
auditEventsEndpoint
auditListener
autoConfigurationReportEndpoint
basicErrorController
beanNameHandlerMapping
beanNameViewResolver
beansEndpoint
characterEncodingFilter
commandLineRunner
configurationPropertiesReportEndpoint
conventionErrorViewResolver
counterBuffers
counterService
defaultServletHandlerMapping
defaultValidator
defaultViewResolver
diskSpaceHealthIndicator
diskSpaceHealthIndicatorProperties
dispatcherServlet
dispatcherServletRegistration
dumpEndpoint
duplicateServerPropertiesDetector
embeddedServletContainerCustomizerBeanPostProcessor
endpointHandlerMapping
endpointMBeanExporter
endpoints-org.springframework.boot.actuate.endpoint.EndpointProperties
endpoints.cors-org.springframework.boot.actuate.autoconfigure.EndpointCorsProperties
endpoints.health-org.springframework.boot.actuate.autoconfigure.HealthMvcEndpointProperties
endpoints.jmx-org.springframework.boot.actuate.autoconfigure.EndpointMBeanExportProperties
endpoints.metrics.filter-org.springframework.boot.actuate.autoconfigure.MetricFilterProperties
envInfoContributor
environmentEndpoint
environmentMvcEndpoint
error
errorAttributes
errorPageCustomizer
errorPageRegistrarBeanPostProcessor
faviconHandlerMapping
faviconRequestHandler
gaugeBuffers
gaugeService
handlerExceptionResolver
healthAggregator
healthEndpoint
healthMvcEndpoint
heapdumpMvcEndpoint
helloController
hiddenHttpMethodFilter
httpPutFormContentFilter
httpRequestHandlerAdapter
infoEndpoint
jacksonObjectMapper
jacksonObjectMapperBuilder
jsonComponentModule
localeCharsetMappingsCustomizer
loggersEndpoint
loggersMvcEndpoint
management.health.status-org.springframework.boot.actuate.autoconfigure.HealthIndicatorProperties
management.info-org.springframework.boot.actuate.autoconfigure.InfoContributorProperties
management.trace-org.springframework.boot.actuate.trace.TraceProperties
managementContextResolver
managementServerProperties
managementServletContext
mappingJackson2HttpMessageConverter
mbeanExporter
mbeanServer
messageConverters
methodValidationPostProcessor
metricReaderPublicMetrics
metricWritersMetricExporter
metricsEndpoint
metricsFilter
metricsMvcEndpoint
multipartConfigElement
multipartResolver
mvcContentNegotiationManager
mvcConversionService
mvcEndpoints
mvcPathMatcher
mvcResourceUrlProvider
mvcUriComponentsContributor
mvcUrlPathHelper
mvcValidator
mvcViewResolver
objectNamingStrategy
org.springframework.boot.actuate.autoconfigure.AuditAutoConfiguration
org.springframework.boot.actuate.autoconfigure.AuditAutoConfiguration$AuditEventRepositoryConfiguration
org.springframework.boot.actuate.autoconfigure.EndpointAutoConfiguration
org.springframework.boot.actuate.autoconfigure.EndpointAutoConfiguration$RequestMappingEndpointConfiguration
org.springframework.boot.actuate.autoconfigure.EndpointMBeanExportAutoConfiguration
org.springframework.boot.actuate.autoconfigure.EndpointWebMvcAutoConfiguration
org.springframework.boot.actuate.autoconfigure.EndpointWebMvcAutoConfiguration$ApplicationContextFilterConfiguration
org.springframework.boot.actuate.autoconfigure.EndpointWebMvcAutoConfiguration$EndpointWebMvcConfiguration
org.springframework.boot.actuate.autoconfigure.EndpointWebMvcManagementContextConfiguration
org.springframework.boot.actuate.autoconfigure.HealthIndicatorAutoConfiguration
org.springframework.boot.actuate.autoconfigure.HealthIndicatorAutoConfiguration$DiskSpaceHealthIndicatorConfiguration
org.springframework.boot.actuate.autoconfigure.InfoContributorAutoConfiguration
org.springframework.boot.actuate.autoconfigure.ManagementServerPropertiesAutoConfiguration
org.springframework.boot.actuate.autoconfigure.MetricExportAutoConfiguration
org.springframework.boot.actuate.autoconfigure.MetricExportAutoConfiguration$MetricExportPropertiesConfiguration
org.springframework.boot.actuate.autoconfigure.MetricExportAutoConfiguration$StatsdConfiguration
org.springframework.boot.actuate.autoconfigure.MetricFilterAutoConfiguration
org.springframework.boot.actuate.autoconfigure.MetricRepositoryAutoConfiguration
org.springframework.boot.actuate.autoconfigure.MetricRepositoryAutoConfiguration$FastMetricServicesConfiguration
org.springframework.boot.actuate.autoconfigure.PublicMetricsAutoConfiguration
org.springframework.boot.actuate.autoconfigure.PublicMetricsAutoConfiguration$TomcatMetricsConfiguration
org.springframework.boot.actuate.autoconfigure.TraceRepositoryAutoConfiguration
org.springframework.boot.actuate.autoconfigure.TraceWebFilterAutoConfiguration
org.springframework.boot.autoconfigure.AutoConfigurationPackages
org.springframework.boot.autoconfigure.condition.BeanTypeRegistry
org.springframework.boot.autoconfigure.context.ConfigurationPropertiesAutoConfiguration
org.springframework.boot.autoconfigure.context.PropertyPlaceholderAutoConfiguration
org.springframework.boot.autoconfigure.info.ProjectInfoAutoConfiguration
org.springframework.boot.autoconfigure.internalCachingMetadataReaderFactory
org.springframework.boot.autoconfigure.jackson.JacksonAutoConfiguration
org.springframework.boot.autoconfigure.jackson.JacksonAutoConfiguration$Jackson2ObjectMapperBuilderCustomizerConfiguration
org.springframework.boot.autoconfigure.jackson.JacksonAutoConfiguration$JacksonObjectMapperBuilderConfiguration
org.springframework.boot.autoconfigure.jackson.JacksonAutoConfiguration$JacksonObjectMapperConfiguration
org.springframework.boot.autoconfigure.jmx.JmxAutoConfiguration
org.springframework.boot.autoconfigure.validation.ValidationAutoConfiguration
org.springframework.boot.autoconfigure.web.DispatcherServletAutoConfiguration
org.springframework.boot.autoconfigure.web.DispatcherServletAutoConfiguration$DispatcherServletConfiguration
org.springframework.boot.autoconfigure.web.DispatcherServletAutoConfiguration$DispatcherServletRegistrationConfiguration
org.springframework.boot.autoconfigure.web.EmbeddedServletContainerAutoConfiguration
org.springframework.boot.autoconfigure.web.EmbeddedServletContainerAutoConfiguration$EmbeddedTomcat
org.springframework.boot.autoconfigure.web.ErrorMvcAutoConfiguration
org.springframework.boot.autoconfigure.web.ErrorMvcAutoConfiguration$DefaultErrorViewResolverConfiguration
org.springframework.boot.autoconfigure.web.ErrorMvcAutoConfiguration$WhitelabelErrorViewConfiguration
org.springframework.boot.autoconfigure.web.HttpEncodingAutoConfiguration
org.springframework.boot.autoconfigure.web.HttpMessageConvertersAutoConfiguration
org.springframework.boot.autoconfigure.web.HttpMessageConvertersAutoConfiguration$StringHttpMessageConverterConfiguration
org.springframework.boot.autoconfigure.web.JacksonHttpMessageConvertersConfiguration
org.springframework.boot.autoconfigure.web.JacksonHttpMessageConvertersConfiguration$MappingJackson2HttpMessageConverterConfiguration
org.springframework.boot.autoconfigure.web.MultipartAutoConfiguration
org.springframework.boot.autoconfigure.web.ServerPropertiesAutoConfiguration
org.springframework.boot.autoconfigure.web.WebClientAutoConfiguration
org.springframework.boot.autoconfigure.web.WebClientAutoConfiguration$RestTemplateConfiguration
org.springframework.boot.autoconfigure.web.WebMvcAutoConfiguration
org.springframework.boot.autoconfigure.web.WebMvcAutoConfiguration$EnableWebMvcConfiguration
org.springframework.boot.autoconfigure.web.WebMvcAutoConfiguration$WebMvcAutoConfigurationAdapter
org.springframework.boot.autoconfigure.web.WebMvcAutoConfiguration$WebMvcAutoConfigurationAdapter$FaviconConfiguration
org.springframework.boot.autoconfigure.websocket.WebSocketAutoConfiguration
org.springframework.boot.autoconfigure.websocket.WebSocketAutoConfiguration$TomcatWebSocketConfiguration
org.springframework.boot.context.properties.ConfigurationPropertiesBindingPostProcessor
org.springframework.boot.context.properties.ConfigurationPropertiesBindingPostProcessor.store
org.springframework.context.annotation.internalAutowiredAnnotationProcessor
org.springframework.context.annotation.internalCommonAnnotationProcessor
org.springframework.context.annotation.internalConfigurationAnnotationProcessor
org.springframework.context.annotation.internalRequiredAnnotationProcessor
org.springframework.context.annotation.internalScheduledAnnotationProcessor
org.springframework.context.event.internalEventListenerFactory
org.springframework.context.event.internalEventListenerProcessor
org.springframework.scheduling.annotation.SchedulingConfiguration
preserveErrorControllerTargetClassPostProcessor
propertySourcesPlaceholderConfigurer
requestContextFilter
requestMappingEndpoint
requestMappingHandlerAdapter
requestMappingHandlerMapping
resourceHandlerMapping
restTemplateBuilder
serverProperties
shutdownEndpoint
simpleControllerHandlerAdapter
spring.http.encoding-org.springframework.boot.autoconfigure.web.HttpEncodingProperties
spring.http.multipart-org.springframework.boot.autoconfigure.web.MultipartProperties
spring.info-org.springframework.boot.autoconfigure.info.ProjectInfoProperties
spring.jackson-org.springframework.boot.autoconfigure.jackson.JacksonProperties
spring.metrics.export-org.springframework.boot.actuate.metrics.export.MetricExportProperties
spring.mvc-org.springframework.boot.autoconfigure.web.WebMvcProperties
spring.resources-org.springframework.boot.autoconfigure.web.ResourceProperties
standardJacksonObjectMapperBuilderCustomizer
stringHttpMessageConverter
systemPublicMetrics
tomcatEmbeddedServletContainerFactory
tomcatPublicMetrics
traceEndpoint
traceRepository
viewControllerHandlerMapping
viewResolver
webRequestLoggingFilter
websocketContainerCustomizer
welcomePageHandlerMapping
2017-09-29 13:52:49.217  INFO 1435 --- [           main] hello.Application                        : Started Application in 16.157 seconds (JVM running for 16.893)
2017-09-29 13:52:55.681  INFO 1435 --- [nio-8888-exec-2] o.a.c.c.C.[Tomcat].[localhost].[/]       : Initializing Spring FrameworkServlet 'dispatcherServlet'
2017-09-29 13:52:55.681  INFO 1435 --- [nio-8888-exec-2] o.s.web.servlet.DispatcherServlet        : FrameworkServlet 'dispatcherServlet': initialization started
2017-09-29 13:52:55.700  INFO 1435 --- [nio-8888-exec-2] o.s.web.servlet.DispatcherServlet        : FrameworkServlet 'dispatcherServlet': initialization completed in 19 ms
